0 info it worked if it ends with ok
1 verbose cli [ 'node', '/usr/local/bin/npm', 'install', 'ngrok', '–save-dev' ]
2 info using npm@2.7.4
3 info using node@v0.12.2
4 verbose config Skipping project config: /Users/slavikgidenko/.npmrc. (matches userconfig)
5 silly cache add args [ 'ngrok', null ]
6 verbose cache add spec ngrok
7 silly cache add args [ '–save-dev', null ]
8 verbose cache add spec –save-dev
9 silly cache add parsed spec { raw: 'ngrok',
9 silly cache add   scope: null,
9 silly cache add   name: 'ngrok',
9 silly cache add   rawSpec: '',
9 silly cache add   spec: '*',
9 silly cache add   type: 'range' }
10 verbose addNamed ngrok@*
11 silly addNamed semver.valid null
12 silly addNamed semver.validRange *
13 silly addNameRange { name: 'ngrok', range: '*', hasData: false }
14 silly mapToRegistry name ngrok
15 silly mapToRegistry using default registry
16 silly mapToRegistry registry https://registry.npmjs.org/
17 silly mapToRegistry uri https://registry.npmjs.org/ngrok
18 verbose addNameRange registry:https://registry.npmjs.org/ngrok not in flight; fetching
19 silly cache add parsed spec { raw: '–save-dev',
19 silly cache add   scope: null,
19 silly cache add   name: null,
19 silly cache add   rawSpec: '–save-dev',
19 silly cache add   spec: '/Users/slavikgidenko/Documents/Udacity-Code-Projects/Web_Optimization_Gidenko-_4/–save-dev',
19 silly cache add   type: 'local' }
20 error addLocal Could not install /Users/slavikgidenko/Documents/Udacity-Code-Projects/Web_Optimization_Gidenko-_4/–save-dev
21 verbose request uri https://registry.npmjs.org/ngrok
22 verbose request no auth needed
23 info attempt registry request try #1 at 9:48:49 PM
24 verbose request id 16d493fc6c190326
25 verbose etag "6NAX15TH3B19WNPLSIIH3E8ZL"
26 http request GET https://registry.npmjs.org/ngrok
27 http 304 https://registry.npmjs.org/ngrok
28 silly get cb [ 304,
28 silly get   { date: 'Sat, 18 Jul 2015 04:48:50 GMT',
28 silly get     via: '1.1 varnish',
28 silly get     'cache-control': 'max-age=60',
28 silly get     etag: '"6NAX15TH3B19WNPLSIIH3E8ZL"',
28 silly get     age: '0',
28 silly get     connection: 'keep-alive',
28 silly get     'x-served-by': 'cache-lax1426-LAX',
28 silly get     'x-cache': 'MISS',
28 silly get     'x-cache-hits': '0',
28 silly get     'x-timer': 'S1437194930.532236,VS0,VE42',
28 silly get     vary: 'Accept' } ]
29 verbose etag https://registry.npmjs.org/ngrok from cache
30 verbose get saving ngrok to /Users/slavikgidenko/.npm/registry.npmjs.org/ngrok/.cache.json
31 silly addNameRange number 2 { name: 'ngrok', range: '*', hasData: true }
32 silly addNameRange versions [ 'ngrok',
32 silly addNameRange   [ '0.1.0',
32 silly addNameRange     '0.1.1',
32 silly addNameRange     '0.1.2',
32 silly addNameRange     '0.1.3',
32 silly addNameRange     '0.1.4',
32 silly addNameRange     '0.1.5',
32 silly addNameRange     '0.1.6',
32 silly addNameRange     '0.1.7',
32 silly addNameRange     '0.1.8',
32 silly addNameRange     '0.1.9',
32 silly addNameRange     '0.1.91',
32 silly addNameRange     '0.1.92',
32 silly addNameRange     '0.1.93',
32 silly addNameRange     '0.1.94',
32 silly addNameRange     '0.1.95',
32 silly addNameRange     '0.1.96',
32 silly addNameRange     '0.1.97',
32 silly addNameRange     '0.1.98',
32 silly addNameRange     '0.1.99' ] ]
33 verbose addNamed ngrok@0.1.99
34 silly addNamed semver.valid 0.1.99
35 silly addNamed semver.validRange 0.1.99
36 silly cache afterAdd ngrok@0.1.99
37 verbose afterAdd /Users/slavikgidenko/.npm/ngrok/0.1.99/package/package.json not in flight; writing
38 verbose afterAdd /Users/slavikgidenko/.npm/ngrok/0.1.99/package/package.json written
39 verbose stack Error: ENOENT, open '/Users/slavikgidenko/Documents/Udacity-Code-Projects/Web_Optimization_Gidenko-_4/–save-dev'
39 verbose stack     at Error (native)
40 verbose cwd /Users/slavikgidenko/Documents/Udacity-Code-Projects/Web_Optimization_Gidenko-_4
41 error Darwin 14.4.0
42 error argv "node" "/usr/local/bin/npm" "install" "ngrok" "–save-dev"
43 error node v0.12.2
44 error npm  v2.7.4
45 error path /Users/slavikgidenko/Documents/Udacity-Code-Projects/Web_Optimization_Gidenko-_4/–save-dev
46 error code ENOENT
47 error errno -2
48 error enoent ENOENT, open '/Users/slavikgidenko/Documents/Udacity-Code-Projects/Web_Optimization_Gidenko-_4/–save-dev'
48 error enoent This is most likely not a problem with npm itself
48 error enoent and is related to npm not being able to find a file.
49 verbose exit [ -2, true ]
